<?xml version="1.0" encoding="UTF-8"?>
<!-- Generated by org.testng.reporters.JUnitXMLReporter -->
<testsuite hostname="Selva" name="Default test" tests="3" failures="0" timestamp="5 Jun 2015 19:59:17 GMT" time="1.24" errors="0">
  <testcase name="validateBadRequest" time="0.83" classname="com.practice.itunesapi.ItunesServiceTest"/>
  <testcase name="validateInput" time="0.0" classname="com.practice.itunesapi.ItunesServiceTest"/>
  <testcase name="validateResponse" time="0.37" classname="com.practice.itunesapi.ItunesServiceTest"/>
</testsuite> <!-- Default test -->
